[debug] [2020-12-11T18:14:28.461Z] ----------------------------------------------------------------------
[debug] [2020-12-11T18:14:28.464Z] Command:       C:\Program Files\nodejs\node.exe C:\Users\Acer\AppData\Roaming\npm\node_modules\firebase-tools\lib\bin\firebase.js init
[debug] [2020-12-11T18:14:28.465Z] CLI Version:   8.14.1
[debug] [2020-12-11T18:14:28.465Z] Platform:      win32
[debug] [2020-12-11T18:14:28.465Z] Node Version:  v12.13.0
[debug] [2020-12-11T18:14:28.467Z] Time:          Fri Dec 11 2020 19:14:28 GMT+0100 (Central European Standard Time)
[debug] [2020-12-11T18:14:28.467Z] ----------------------------------------------------------------------
[debug] [2020-12-11T18:14:28.468Z] 
[debug] [2020-12-11T18:14:28.486Z] > command requires scopes: ["email","openid","https://www.googleapis.com/auth/cloudplatformprojects.readonly","https://www.googleapis.com/auth/firebase","https://www.googleapis.com/auth/cloud-platform"]
[debug] [2020-12-11T18:14:28.487Z] > authorizing via signed-in user
[info] 
     ######## #### ########  ######## ########     ###     ######  ########
     ##        ##  ##     ## ##       ##     ##  ##   ##  ##       ##
     ######    ##  ########  ######   ########  #########  ######  ######
     ##        ##  ##    ##  ##       ##     ## ##     ##       ## ##
     ##       #### ##     ## ######## ########  ##     ##  ######  ########

You're about to initialize a Firebase project in this directory:

  D:\PROJEKTI VUE\tacna

Before we get started, keep in mind:

  * You are initializing in an existing Firebase project directory

